<?xml version="1.0" encoding="UTF-8"?>
<testsuite name="SolutionTest" tests="2" skipped="0" failures="0" errors="0" timestamp="2022-07-01T04:49:41" hostname="yuanyu-ubuntu" time="0.03">
  <properties/>
  <testcase name="maxProductExample1()" classname="SolutionTest" time="0.028"/>
  <testcase name="maxProductExample2()" classname="SolutionTest" time="0.001"/>
  <system-out><![CDATA[]]></system-out>
  <system-err><![CDATA[]]></system-err>
</testsuite>
